2023-08-09 15:16:32,955 : INFO : Test_Login : test_page_title_001 : 13 : Testcase test_page_title_001 is started
2023-08-09 15:16:32,955 : INFO : Test_Login : test_page_title_001 : 14 : Opening browser
2023-08-09 15:16:32,963 : INFO : Test_Login : test_page_title_001 : 16 : Page Title is OrangeHRM
2023-08-09 15:16:32,971 : INFO : Test_Login : test_page_title_001 : 18 : Taking screenshot
2023-08-09 15:16:32,971 : INFO : Test_Login : test_page_title_001 : 19 : Taking screenshot
2023-08-09 15:16:33,037 : INFO : Test_Login : test_login_002 : 31 : Testcase test_login_002 is started
2023-08-09 15:16:33,037 : INFO : Test_Login : test_login_002 : 32 : Opening browser
2023-08-09 15:16:33,037 : INFO : Test_Login : test_login_002 : 35 : Entering Username
2023-08-09 15:16:33,185 : INFO : Test_Login : test_page_title_001 : 22 : Testcase test_page_title_001 is passed
2023-08-09 15:16:33,731 : INFO : Test_Login : test_login_002 : 37 : Entering password
2023-08-09 15:16:33,805 : INFO : Test_Login : test_login_002 : 39 : Clicking in login button
2023-08-09 15:18:25,252 : INFO : Test_Login : test_page_title_001 : 13 : Testcase test_page_title_001 is started
2023-08-09 15:18:25,252 : INFO : Test_Login : test_page_title_001 : 14 : Opening browser
2023-08-09 15:18:25,256 : INFO : Test_Login : test_page_title_001 : 16 : Page Title is OrangeHRM
2023-08-09 15:18:25,271 : INFO : Test_Login : test_page_title_001 : 18 : Taking screenshot
2023-08-09 15:18:25,271 : INFO : Test_Login : test_page_title_001 : 19 : Taking screenshot
2023-08-09 15:18:25,514 : INFO : Test_Login : test_page_title_001 : 22 : Testcase test_page_title_001 is passed
2023-08-09 15:18:26,373 : INFO : Test_Login : test_login_002 : 31 : Testcase test_login_002 is started
2023-08-09 15:18:26,375 : INFO : Test_Login : test_login_002 : 32 : Opening browser
2023-08-09 15:18:26,375 : INFO : Test_Login : test_login_002 : 35 : Entering Username
2023-08-09 15:18:27,493 : INFO : Test_Login : test_login_002 : 37 : Entering password
2023-08-09 15:18:27,578 : INFO : Test_Login : test_login_002 : 39 : Clicking in login button
2023-08-09 15:18:28,794 : INFO : Test_Login : test_login_002 : 42 : Checking login status
2023-08-09 15:18:39,375 : INFO : Test_Login : test_login_002 : 56 : Testcase test_login_002 is failed
2023-08-09 15:23:32,987 : INFO : Test_Login : test_page_title_001 : 13 : Testcase test_page_title_001 is started
2023-08-09 15:23:32,995 : INFO : Test_Login : test_page_title_001 : 14 : Opening browser
2023-08-09 15:23:33,004 : INFO : Test_Login : test_page_title_001 : 16 : Page Title is OrangeHRM
2023-08-09 15:23:33,004 : INFO : Test_Login : test_page_title_001 : 18 : Taking screenshot
2023-08-09 15:23:33,004 : INFO : Test_Login : test_page_title_001 : 19 : Taking screenshot
2023-08-09 15:23:33,359 : INFO : Test_Login : test_page_title_001 : 22 : Testcase test_page_title_001 is passed
2023-08-09 15:23:38,747 : INFO : Test_Login : test_login_002 : 31 : Testcase test_login_002 is started
2023-08-09 15:23:38,747 : INFO : Test_Login : test_login_002 : 32 : Opening browser
2023-08-09 15:23:38,747 : INFO : Test_Login : test_login_002 : 35 : Entering Username
2023-08-09 15:23:39,872 : INFO : Test_Login : test_login_002 : 37 : Entering password
2023-08-09 15:23:39,962 : INFO : Test_Login : test_login_002 : 39 : Clicking in login button
2023-08-09 15:23:41,536 : INFO : Test_Login : test_login_002 : 42 : Checking login status
2023-08-09 15:23:52,039 : INFO : Test_Login : test_login_002 : 56 : Testcase test_login_002 is failed
